current directory: /home/yamato/projects/railsgirls/vender/bundle/ruby/2.4.0/gems/puma-3.10.0/ext/puma_http11
/home/yamato/.rbenv/versions/2.4.1/bin/ruby -r ./siteconf20170831-20421-1xwc961.rb extconf.rb
checking for BIO_read() in -lcrypto... yes
checking for SSL_CTX_new() in -lssl... yes
checking for openssl/bio.h... yes
creating Makefile

current directory: /home/yamato/projects/railsgirls/vender/bundle/ruby/2.4.0/gems/puma-3.10.0/ext/puma_http11
make "DESTDIR=" clean

current directory: /home/yamato/projects/railsgirls/vender/bundle/ruby/2.4.0/gems/puma-3.10.0/ext/puma_http11
make "DESTDIR="
compiling http11_parser.c
compiling io_buffer.c
compiling mini_ssl.c
mini_ssl.c: 関数 ‘engine_init_server’ 内:
mini_ssl.c:153:3: 警告: ISO C90 は宣言とコードの混合を禁止しています [-Wdeclaration-after-statement]
   ID sym_cert = rb_intern("cert");
   ^
mini_ssl.c:158:3: 警告: ISO C90 は宣言とコードの混合を禁止しています [-Wdeclaration-after-statement]
   ID sym_ca = rb_intern("ca");
   ^
mini_ssl.c:180:3: 警告: ISO C90 は宣言とコードの混合を禁止しています [-Wdeclaration-after-statement]
   DH *dh = get_dh1024();
   ^
mini_ssl.c:184:3: 警告: ISO C90 は宣言とコードの混合を禁止しています [-Wdeclaration-after-statement]
   EC_KEY *ecdh = EC_KEY_new_by_curve_name(NID_secp521r1);
   ^
mini_ssl.c: 関数 ‘raise_error’ 内:
mini_ssl.c:241:6: 警告: 関数は属性 ‘noreturn’ の候補のようです [-Wsuggest-attribute=noreturn]
 void raise_error(SSL* ssl, int result) {
      ^
mini_ssl.c: トップレベル:
cc1: 警告: 認識できないコマンドラインオプション "-Wno-self-assign" です [デフォルトで有効]
cc1: 警告: 認識できないコマンドラインオプション "-Wno-constant-logical-operand" です [デフォルトで有効]
cc1: 警告: 認識できないコマンドラインオプション "-Wno-parentheses-equality" です [デフォルトで有効]
cc1: 警告: 認識できないコマンドラインオプション "-Wno-tautological-compare" です [デフォルトで有効]
compiling puma_http11.c
linking shared-object puma/puma_http11.so

current directory: /home/yamato/projects/railsgirls/vender/bundle/ruby/2.4.0/gems/puma-3.10.0/ext/puma_http11
make "DESTDIR=" install
/usr/bin/install -c -m 0755 puma_http11.so ./.gem.20170831-20421-aswrdk/puma
