current directory: /home/yamato/projects/railsgirls/vender/bundle/ruby/2.4.0/gems/nio4r-2.1.0/ext/nio4r
/home/yamato/.rbenv/versions/2.4.1/bin/ruby -r ./siteconf20170831-20421-vcll5z.rb extconf.rb
checking for unistd.h... yes
checking for sys/select.h... yes
checking for poll.h... yes
checking for sys/epoll.h... yes
checking for sys/event.h... no
checking for port.h... no
checking for sys/resource.h... yes
creating Makefile

current directory: /home/yamato/projects/railsgirls/vender/bundle/ruby/2.4.0/gems/nio4r-2.1.0/ext/nio4r
make "DESTDIR=" clean

current directory: /home/yamato/projects/railsgirls/vender/bundle/ruby/2.4.0/gems/nio4r-2.1.0/ext/nio4r
make "DESTDIR="
compiling bytebuffer.c
bytebuffer.c: 関数 ‘NIO_ByteBuffer_set_position’ 内:
bytebuffer.c:130:5: 警告: ISO C90 は宣言とコードの混合を禁止しています [-Wdeclaration-after-statement]
     int pos = NUM2INT(new_position);
     ^
bytebuffer.c: 関数 ‘NIO_ByteBuffer_set_limit’ 内:
bytebuffer.c:162:5: 警告: ISO C90 は宣言とコードの混合を禁止しています [-Wdeclaration-after-statement]
     int lim = NUM2INT(new_limit);
     ^
bytebuffer.c: 関数 ‘NIO_ByteBuffer_fetch’ 内:
bytebuffer.c:243:5: 警告: ISO C90 は宣言とコードの混合を禁止しています [-Wdeclaration-after-statement]
     int i = NUM2INT(index);
     ^
bytebuffer.c: 関数 ‘NIO_ByteBuffer_put’ 内:
bytebuffer.c:261:5: 警告: ISO C90 は宣言とコードの混合を禁止しています [-Wdeclaration-after-statement]
     long length = RSTRING_LEN(string);
     ^
bytebuffer.c: トップレベル:
cc1: 警告: 認識できないコマンドラインオプション "-Wno-self-assign" です [デフォルトで有効]
cc1: 警告: 認識できないコマンドラインオプション "-Wno-constant-logical-operand" です [デフォルトで有効]
cc1: 警告: 認識できないコマンドラインオプション "-Wno-parentheses-equality" です [デフォルトで有効]
cc1: 警告: 認識できないコマンドラインオプション "-Wno-tautological-compare" です [デフォルトで有効]
compiling monitor.c
compiling nio4r_ext.c
In file included from nio4r_ext.c:7:0:
../libev/ev.c:488:48: 警告: コメント内に "/*" があります [-Wcomment]
 /*#define MIN_INTERVAL  0.00000095367431640625 /* 1/2**20, good till 2200 */
 ^
In file included from nio4r_ext.c:7:0:
../libev/ev.c: 関数 ‘ecb_binary32_to_binary16’ 内:
../libev/ev.c:1274:13: 警告: 符号付きと符号無しの整数式の間での比較です [-Wsign-compare]
       if (e < (14 - 24)) /* might not be sharp, but is good enough */
             ^
In file included from nio4r_ext.c:7:0:
../libev/ev.c: トップレベル:
../libev/ev.c:1836:31: 警告: ‘ev_default_loop_ptr’ が初期化され、 ‘extern’ として宣言されています [デフォルトで有効]
   EV_API_DECL struct ev_loop *ev_default_loop_ptr = 0; /* needs to be initialised to make it a definition despite extern */
                               ^
../libev/ev.c: 関数 ‘ev_time’ 内:
../libev/ev.c:1876:3: 警告: ISO C90 は宣言とコードの混合を禁止しています [-Wdeclaration-after-statement]
   struct timeval tv;
   ^
../libev/ev.c: 関数 ‘array_nextsize’ 内:
../libev/ev.c:1945:19: 警告: 符号付きと符号無しの整数式の間での比較です [-Wsign-compare]
   if (elem * ncur > MALLOC_ROUND - sizeof (void *) * 4)
                   ^
In file included from ../libev/ev.c:179:0,
                 from nio4r_ext.c:7:
../libev/ev_poll.c: 関数 ‘poll_poll’ 内:
../libev/ev_poll.c:111:77: 警告: カンマ演算子の左側の式に効力がありません [-Wunused-value]
         assert (("libev: poll() returned illegal result, broken BSD kernel?", p < polls + pollcnt));
                                                                             ^
../libev/ev.c: 関数 ‘verify_watcher’ 内:
../libev/ev.c:3123:49: 警告: カンマ演算子の左側の式に効力がありません [-Wunused-value]
   assert (("libev: watcher has invalid priority", ABSPRI (w) >= 0 && ABSPRI (w) < NUMPRI));
                                                 ^
../libev/ev.c:3126:59: 警告: カンマ演算子の左側の式に効力がありません [-Wunused-value]
     assert (("libev: pending watcher not on pending queue", pendings [ABSPRI (w)][w->pending - 1].w == w));
                                                           ^
../libev/ev.c: 関数 ‘verify_heap’ 内:
../libev/ev.c:3137:54: 警告: カンマ演算子の左側の式に効力がありません [-Wunused-value]
       assert (("libev: active index mismatch in heap", ev_active (ANHE_w (heap [i])) == i));
                                                      ^
../libev/ev.c:3138:48: 警告: カンマ演算子の左側の式に効力がありません [-Wunused-value]
       assert (("libev: heap condition violated", i == HEAP0 || ANHE_at (heap [HPARENT (i)]) <= ANHE_at (heap [i])));
                                                ^
../libev/ev.c:3139:47: 警告: カンマ演算子の左側の式に効力がありません [-Wunused-value]
       assert (("libev: heap at cache mismatch", ANHE_at (heap [i]) == ev_at (ANHE_w (heap [i]))));
                                               ^
../libev/ev.c: 関数 ‘array_verify’ 内:
../libev/ev.c:3151:46: 警告: カンマ演算子の左側の式に効力がありません [-Wunused-value]
       assert (("libev: active index mismatch", ev_active (ws [cnt]) == cnt + 1));
                                              ^
../libev/ev.c: 関数 ‘ev_verify’ 内:
../libev/ev.c:3169:47: 警告: カンマ演算子の左側の式に効力がありません [-Wunused-value]
     assert (("libev: negative fd in fdchanges", fdchanges [i] >= 0));
                                               ^
../libev/ev.c:3182:64: 警告: カンマ演算子の左側の式に効力がありません [-Wunused-value]
               assert (("libev: io watcher list contains a loop", w != w2));
                                                                ^
../libev/ev.c:3186:61: 警告: カンマ演算子の左側の式に効力がありません [-Wunused-value]
           assert (("libev: inactive fd watcher on anfd list", ev_active (w) == 1));
                                                             ^
../libev/ev.c:3187:65: 警告: カンマ演算子の左側の式に効力がありません [-Wunused-value]
           assert (("libev: fd mismatch between watcher and anfd", ((ev_io *)w)->fd == i));
                                                                 ^
../libev/ev.c: 関数 ‘timers_reify’ 内:
../libev/ev.c:3371:93: 警告: カンマ演算子の左側の式に効力がありません [-Wunused-value]
               assert (("libev: negative ev_timer repeat value found while processing timers", w->repeat > 0.));
                                                                                             ^
../libev/ev.c: 関数 ‘periodics_reify’ 内:
../libev/ev.c:3434:90: 警告: カンマ演算子の左側の式に効力がありません [-Wunused-value]
               assert (("libev: ev_periodic reschedule callback returned time in the past", ev_at (w) >= ev_rt_now));
                                                                                          ^
In file included from nio4r_ext.c:7:0:
../libev/ev.c: 関数 ‘ev_backend_poll’ 内:
../libev/ev.c:3580:1: 警告: 非 void を戻す関数内に return 文がありません [-Wreturn-type]
 }
 ^
In file included from ../libev/ev.c:179:0,
                 from nio4r_ext.c:7:
../libev/ev.c: 関数 ‘ev_run’ 内:
../libev/ev.c:3594:62: 警告: カンマ演算子の左側の式に効力がありません [-Wunused-value]
   assert (("libev: ev_loop recursion during release detected", loop_done != EVBREAK_RECURSE));
                                                              ^
In file included from nio4r_ext.c:7:0:
../libev/ev.c:3750:9: 警告: 互換性のないポインタ型から 1 番目の ‘rb_thread_call_without_gvl’ の引数に渡しています [デフォルトで有効]
         rb_thread_call_without_gvl(ev_backend_poll, (void *)&poll_args, RUBY_UBF_IO, 0);
         ^
In file included from ../libev/ev.c:42:0,
                 from nio4r_ext.c:7:
/home/yamato/.rbenv/versions/2.4.1/include/ruby-2.4.0/ruby/thread.h:28:7: 備考: expected ‘void * (*)(void *)’ but argument is of type ‘VALUE (*)(void *)’
 void *rb_thread_call_without_gvl(void *(*func)(void *), void *data1,
       ^
In file included from ../libev/ev.c:179:0,
                 from nio4r_ext.c:7:
../libev/ev.c:3762:70: 警告: カンマ演算子の左側の式に効力がありません [-Wunused-value]
             assert (("libev: pipe_w not active, but pipe not written", ev_is_active (&pipe_w)));
                                                                      ^
../libev/ev.c: 関数 ‘ev_io_start’ 内:
../libev/ev.c:3937:56: 警告: カンマ演算子の左側の式に効力がありません [-Wunused-value]
   assert (("libev: ev_io_start called with negative fd", fd >= 0));
                                                        ^
../libev/ev.c:3938:63: 警告: カンマ演算子の左側の式に効力がありません [-Wunused-value]
   assert (("libev: ev_io_start called with illegal event mask", !(w->events & ~(EV__IOFDSET | EV_READ | EV_WRITE))));
                                                               ^
../libev/ev.c:3947:62: 警告: カンマ演算子の左側の式に効力がありません [-Wunused-value]
   assert (("libev: ev_io_start called with corrupted watcher", ((WL)w)->next != (WL)w));
                                                              ^
../libev/ev.c: 関数 ‘ev_io_stop’ 内:
../libev/ev.c:3963:88: 警告: カンマ演算子の左側の式に効力がありません [-Wunused-value]
   assert (("libev: ev_io_stop called with illegal fd (must stay constant after start!)", w->fd >= 0 && w->fd < anfdmax));
                                                                                        ^
../libev/ev.c: 関数 ‘ev_timer_start’ 内:
../libev/ev.c:3984:75: 警告: カンマ演算子の左側の式に効力がありません [-Wunused-value]
   assert (("libev: ev_timer_start called with negative timer repeat value", w->repeat >= 0.));
                                                                           ^
../libev/ev.c: 関数 ‘ev_timer_stop’ 内:
../libev/ev.c:4013:53: 警告: カンマ演算子の左側の式に効力がありません [-Wunused-value]
     assert (("libev: internal timer heap corruption", ANHE_w (timers [active]) == (WT)w));
                                                     ^
../libev/ev.c: 関数 ‘ev_periodic_start’ 内:
../libev/ev.c:4077:78: 警告: カンマ演算子の左側の式に効力がありません [-Wunused-value]
       assert (("libev: ev_periodic_start called with negative interval value", w->interval >= 0.));
                                                                              ^
../libev/ev.c: 関数 ‘ev_periodic_stop’ 内:
../libev/ev.c:4110:56: 警告: カンマ演算子の左側の式に効力がありません [-Wunused-value]
     assert (("libev: internal periodic heap corruption", ANHE_w (periodics [active]) == (WT)w));
                                                        ^
../libev/ev.c: 関数 ‘ev_signal_start’ 内:
../libev/ev.c:4149:70: 警告: カンマ演算子の左側の式に効力がありません [-Wunused-value]
   assert (("libev: ev_signal_start called with illegal signal number", w->signum > 0 && w->signum < EV_NSIG));
                                                                      ^
../libev/ev.c:4152:73: 警告: カンマ演算子の左側の式に効力がありません [-Wunused-value]
   assert (("libev: a signal must not be attached to two different loops",
                                                                         ^
../libev/ev.c: 関数 ‘ev_child_start’ 内:
../libev/ev.c:4271:74: 警告: カンマ演算子の左側の式に効力がありません [-Wunused-value]
   assert (("libev: child watchers are only supported in the default loop", loop == ev_default_loop_ptr));
                                                                          ^
../libev/ev.c: 関数 ‘ev_embed_start’ 内:
../libev/ev.c:4856:60: 警告: カンマ演算子の左側の式に効力がありません [-Wunused-value]
     assert (("libev: loop to be embedded is not embeddable", backend & ev_embeddable_backends ()));
                                                            ^
In file included from nio4r_ext.c:7:0:
../libev/ev.c: トップレベル:
../libev/ev.c:5206:27: 警告: コメント内に "/*" があります [-Wcomment]
 /* EV_STAT     0x00001000 /* stat data changed */
 ^
../libev/ev.c:5207:27: 警告: コメント内に "/*" があります [-Wcomment]
 /* EV_EMBED    0x00010000 /* embedded event loop needs sweep */
 ^
cc1: 警告: 認識できないコマンドラインオプション "-Wno-self-assign" です [デフォルトで有効]
cc1: 警告: 認識できないコマンドラインオプション "-Wno-constant-logical-operand" です [デフォルトで有効]
cc1: 警告: 認識できないコマンドラインオプション "-Wno-parentheses-equality" です [デフォルトで有効]
cc1: 警告: 認識できないコマンドラインオプション "-Wno-tautological-compare" です [デフォルトで有効]
compiling selector.c
linking shared-object nio4r_ext.so

current directory: /home/yamato/projects/railsgirls/vender/bundle/ruby/2.4.0/gems/nio4r-2.1.0/ext/nio4r
make "DESTDIR=" install
/usr/bin/install -c -m 0755 nio4r_ext.so ./.gem.20170831-20421-1a772b6
