current directory: /home/yamato/projects/railsgirls/vender/bundle/ruby/2.4.0/gems/nokogiri-1.8.0/ext/nokogiri
/home/yamato/.rbenv/versions/2.4.1/bin/ruby -r ./siteconf20170831-20421-ol80mq.rb extconf.rb
checking if the C compiler accepts ... yes
Building nokogiri using packaged libraries.
Using mini_portile version 2.2.0
checking for gzdopen() in -lz... yes
checking for iconv... yes
************************************************************************
IMPORTANT NOTICE:

Building Nokogiri with a packaged version of libxml2-2.9.4
with the following patches applied:
	- 0001-Fix-comparison-with-root-node-in-xmlXPathCmpNodes.patch
	- 0002-Fix-XPointer-paths-beginning-with-range-to.patch
	- 0003-Disallow-namespace-nodes-in-XPointer-ranges.patch

Team Nokogiri will keep on doing their best to provide security
updates in a timely manner, but if this is a concern for you and want
to use the system library instead; abort this installation process and
reinstall nokogiri as follows:

    gem install nokogiri -- --use-system-libraries
        [--with-xml2-config=/path/to/xml2-config]
        [--with-xslt-config=/path/to/xslt-config]

If you are using Bundler, tell it to use the option:

    bundle config build.nokogiri --use-system-libraries
    bundle install

Note, however, that nokogiri is not fully compatible with arbitrary
versions of libxml2 provided by OS/package vendors.
************************************************************************
Extracting libxml2-2.9.4.tar.gz into tmp/x86_64-pc-linux-gnu/ports/libxml2/2.9.4... OK
Running git apply with /home/yamato/projects/railsgirls/vender/bundle/ruby/2.4.0/gems/nokogiri-1.8.0/patches/libxml2/0001-Fix-comparison-with-root-node-in-xmlXPathCmpNodes.patch... OK
Running git apply with /home/yamato/projects/railsgirls/vender/bundle/ruby/2.4.0/gems/nokogiri-1.8.0/patches/libxml2/0002-Fix-XPointer-paths-beginning-with-range-to.patch... OK
Running git apply with /home/yamato/projects/railsgirls/vender/bundle/ruby/2.4.0/gems/nokogiri-1.8.0/patches/libxml2/0003-Disallow-namespace-nodes-in-XPointer-ranges.patch... OK
Running 'configure' for libxml2 2.9.4... OK
Running 'compile' for libxml2 2.9.4... OK
Running 'install' for libxml2 2.9.4... OK
Activating libxml2 2.9.4 (from /home/yamato/projects/railsgirls/vender/bundle/ruby/2.4.0/gems/nokogiri-1.8.0/ports/x86_64-pc-linux-gnu/libxml2/2.9.4)...
************************************************************************
IMPORTANT NOTICE:

Building Nokogiri with a packaged version of libxslt-1.1.29
with the following patches applied:
	- 0001-Fix-heap-overread-in-xsltFormatNumberConversion.patch
	- 0002-Check-for-integer-overflow-in-xsltAddTextString.patch

Team Nokogiri will keep on doing their best to provide security
updates in a timely manner, but if this is a concern for you and want
to use the system library instead; abort this installation process and
reinstall nokogiri as follows:

    gem install nokogiri -- --use-system-libraries
        [--with-xml2-config=/path/to/xml2-config]
        [--with-xslt-config=/path/to/xslt-config]

If you are using Bundler, tell it to use the option:

    bundle config build.nokogiri --use-system-libraries
    bundle install
************************************************************************
Extracting libxslt-1.1.29.tar.gz into tmp/x86_64-pc-linux-gnu/ports/libxslt/1.1.29... OK
Running git apply with /home/yamato/projects/railsgirls/vender/bundle/ruby/2.4.0/gems/nokogiri-1.8.0/patches/libxslt/0001-Fix-heap-overread-in-xsltFormatNumberConversion.patch... OK
Running git apply with /home/yamato/projects/railsgirls/vender/bundle/ruby/2.4.0/gems/nokogiri-1.8.0/patches/libxslt/0002-Check-for-integer-overflow-in-xsltAddTextString.patch... OK
Running 'configure' for libxslt 1.1.29... OK
Running 'compile' for libxslt 1.1.29... OK
Running 'install' for libxslt 1.1.29... OK
Activating libxslt 1.1.29 (from /home/yamato/projects/railsgirls/vender/bundle/ruby/2.4.0/gems/nokogiri-1.8.0/ports/x86_64-pc-linux-gnu/libxslt/1.1.29)...
checking for -llzma... yes
checking for xmlParseDoc() in libxml/parser.h... yes
checking for xsltParseStylesheetDoc() in libxslt/xslt.h... yes
checking for exsltFuncRegister() in libexslt/exslt.h... yes
checking for xmlHasFeature()... yes
checking for xmlFirstElementChild()... yes
checking for xmlRelaxNGSetParserStructuredErrors()... yes
checking for xmlRelaxNGSetParserStructuredErrors()... yes
checking for xmlRelaxNGSetValidStructuredErrors()... yes
checking for xmlSchemaSetValidStructuredErrors()... yes
checking for xmlSchemaSetParserStructuredErrors()... yes
creating Makefile

current directory: /home/yamato/projects/railsgirls/vender/bundle/ruby/2.4.0/gems/nokogiri-1.8.0/ext/nokogiri
make "DESTDIR=" clean

current directory: /home/yamato/projects/railsgirls/vender/bundle/ruby/2.4.0/gems/nokogiri-1.8.0/ext/nokogiri
make "DESTDIR="
compiling html_document.c
compiling html_element_description.c
In file included from /home/yamato/.rbenv/versions/2.4.1/include/ruby-2.4.0/ruby.h:33:0,
                 from ./nokogiri.h:33,
                 from ./html_element_description.h:4,
                 from html_element_description.c:1:
html_element_description.c: 関数 ‘get_description’ 内:
html_element_description.c:252:40: 警告: cast discards ‘__attribute__((const))’ qualifier from pointer target type [-Wcast-qual]
   return Data_Wrap_Struct(klass, 0, 0, (void *)description);
                                        ^
/home/yamato/.rbenv/versions/2.4.1/include/ruby-2.4.0/ruby/ruby.h:1150:34: 備考: in definition of macro ‘Data_Wrap_Struct’
     rb_data_object_wrap((klass),(sval),(RUBY_DATA_FUNC)(mark),(RUBY_DATA_FUNC)(free))
                                  ^
html_element_description.c: トップレベル:
cc1: 警告: 認識できないコマンドラインオプション "-Wno-self-assign" です [デフォルトで有効]
cc1: 警告: 認識できないコマンドラインオプション "-Wno-constant-logical-operand" です [デフォルトで有効]
cc1: 警告: 認識できないコマンドラインオプション "-Wno-parentheses-equality" です [デフォルトで有効]
cc1: 警告: 認識できないコマンドラインオプション "-Wno-tautological-compare" です [デフォルトで有効]
compiling html_entity_lookup.c
compiling html_sax_parser_context.c
compiling html_sax_push_parser.c
compiling nokogiri.c
compiling xml_attr.c
compiling xml_attribute_decl.c
compiling xml_cdata.c
compiling xml_comment.c
compiling xml_document.c
xml_document.c: 関数 ‘set_encoding’ 内:
xml_document.c:182:12: 警告: cast discards ‘__attribute__((const))’ qualifier from pointer target type [-Wcast-qual]
       free((char *) doc->encoding); /* this may produce a gcc cast warning */
            ^
xml_document.c: 関数 ‘canonicalize’ 内:
xml_document.c:535:15: 警告: cast discards ‘__attribute__((const))’ qualifier from pointer target type [-Wcast-qual]
       ns[i] = (xmlChar*) ptr;
               ^
xml_document.c: トップレベル:
cc1: 警告: 認識できないコマンドラインオプション "-Wno-self-assign" です [デフォルトで有効]
cc1: 警告: 認識できないコマンドラインオプション "-Wno-constant-logical-operand" です [デフォルトで有効]
cc1: 警告: 認識できないコマンドラインオプション "-Wno-parentheses-equality" です [デフォルトで有効]
cc1: 警告: 認識できないコマンドラインオプション "-Wno-tautological-compare" です [デフォルトで有効]
compiling xml_document_fragment.c
compiling xml_dtd.c
compiling xml_element_content.c
compiling xml_element_decl.c
compiling xml_encoding_handler.c
compiling xml_entity_decl.c
compiling xml_entity_reference.c
compiling xml_io.c
compiling xml_libxml2_hacks.c
compiling xml_namespace.c
xml_namespace.c: 関数 ‘dealloc_namespace’ 内:
xml_namespace.c:17:13: 警告: cast discards ‘__attribute__((const))’ qualifier from pointer target type [-Wcast-qual]
     xmlFree((xmlChar *)ns->href);
             ^
xml_namespace.c:20:13: 警告: cast discards ‘__attribute__((const))’ qualifier from pointer target type [-Wcast-qual]
     xmlFree((xmlChar *)ns->prefix);
             ^
xml_namespace.c: 関数 ‘part_of_an_xpath_node_set_eh’ 内:
xml_namespace.c:67:3: 警告: 互換性のないポインタ型から 1 番目の ‘Nokogiri_namespace_eh’ の引数に渡しています [デフォルトで有効]
   return (node->next && ! Nokogiri_namespace_eh(node->next));
   ^
xml_namespace.c:27:5: 備考: expected ‘xmlNodePtr’ but argument is of type ‘struct _xmlNs *’
 int Nokogiri_namespace_eh(xmlNodePtr node)
     ^
xml_namespace.c: トップレベル:
cc1: 警告: 認識できないコマンドラインオプション "-Wno-self-assign" です [デフォルトで有効]
cc1: 警告: 認識できないコマンドラインオプション "-Wno-constant-logical-operand" です [デフォルトで有効]
cc1: 警告: 認識できないコマンドラインオプション "-Wno-parentheses-equality" です [デフォルトで有効]
cc1: 警告: 認識できないコマンドラインオプション "-Wno-tautological-compare" です [デフォルトで有効]
compiling xml_node.c
xml_node.c: 関数 ‘reparent_node_with’ 内:
xml_node.c:170:7: 警告: 列挙値 ‘XML_ATTRIBUTE_NODE’ は switch 内で取り扱われません [-Wswitch]
       switch (reparentee->type) {
       ^
xml_node.c:170:7: 警告: 列挙値 ‘XML_ENTITY_NODE’ は switch 内で取り扱われません [-Wswitch]
xml_node.c:170:7: 警告: 列挙値 ‘XML_DOCUMENT_NODE’ は switch 内で取り扱われません [-Wswitch]
xml_node.c:170:7: 警告: 列挙値 ‘XML_DOCUMENT_FRAG_NODE’ は switch 内で取り扱われません [-Wswitch]
xml_node.c:170:7: 警告: 列挙値 ‘XML_NOTATION_NODE’ は switch 内で取り扱われません [-Wswitch]
xml_node.c:170:7: 警告: 列挙値 ‘XML_HTML_DOCUMENT_NODE’ は switch 内で取り扱われません [-Wswitch]
xml_node.c:170:7: 警告: 列挙値 ‘XML_DTD_NODE’ は switch 内で取り扱われません [-Wswitch]
xml_node.c:170:7: 警告: 列挙値 ‘XML_ELEMENT_DECL’ は switch 内で取り扱われません [-Wswitch]
xml_node.c:170:7: 警告: 列挙値 ‘XML_ATTRIBUTE_DECL’ は switch 内で取り扱われません [-Wswitch]
xml_node.c:170:7: 警告: 列挙値 ‘XML_ENTITY_DECL’ は switch 内で取り扱われません [-Wswitch]
xml_node.c:170:7: 警告: 列挙値 ‘XML_NAMESPACE_DECL’ は switch 内で取り扱われません [-Wswitch]
xml_node.c:170:7: 警告: 列挙値 ‘XML_XINCLUDE_START’ は switch 内で取り扱われません [-Wswitch]
xml_node.c:170:7: 警告: 列挙値 ‘XML_XINCLUDE_END’ は switch 内で取り扱われません [-Wswitch]
xml_node.c:170:7: 警告: 列挙値 ‘XML_DOCB_DOCUMENT_NODE’ は switch 内で取り扱われません [-Wswitch]
xml_node.c:188:7: 警告: 列挙値 ‘XML_ATTRIBUTE_NODE’ は switch 内で取り扱われません [-Wswitch]
       switch (reparentee->type) {
       ^
xml_node.c:188:7: 警告: 列挙値 ‘XML_ENTITY_NODE’ は switch 内で取り扱われません [-Wswitch]
xml_node.c:188:7: 警告: 列挙値 ‘XML_DOCUMENT_NODE’ は switch 内で取り扱われません [-Wswitch]
xml_node.c:188:7: 警告: 列挙値 ‘XML_DOCUMENT_TYPE_NODE’ は switch 内で取り扱われません [-Wswitch]
xml_node.c:188:7: 警告: 列挙値 ‘XML_DOCUMENT_FRAG_NODE’ は switch 内で取り扱われません [-Wswitch]
xml_node.c:188:7: 警告: 列挙値 ‘XML_NOTATION_NODE’ は switch 内で取り扱われません [-Wswitch]
xml_node.c:188:7: 警告: 列挙値 ‘XML_HTML_DOCUMENT_NODE’ は switch 内で取り扱われません [-Wswitch]
xml_node.c:188:7: 警告: 列挙値 ‘XML_DTD_NODE’ は switch 内で取り扱われません [-Wswitch]
xml_node.c:188:7: 警告: 列挙値 ‘XML_ELEMENT_DECL’ は switch 内で取り扱われません [-Wswitch]
xml_node.c:188:7: 警告: 列挙値 ‘XML_ATTRIBUTE_DECL’ は switch 内で取り扱われません [-Wswitch]
xml_node.c:188:7: 警告: 列挙値 ‘XML_ENTITY_DECL’ は switch 内で取り扱われません [-Wswitch]
xml_node.c:188:7: 警告: 列挙値 ‘XML_NAMESPACE_DECL’ は switch 内で取り扱われません [-Wswitch]
xml_node.c:188:7: 警告: 列挙値 ‘XML_XINCLUDE_START’ は switch 内で取り扱われません [-Wswitch]
xml_node.c:188:7: 警告: 列挙値 ‘XML_XINCLUDE_END’ は switch 内で取り扱われません [-Wswitch]
xml_node.c:188:7: 警告: 列挙値 ‘XML_DOCB_DOCUMENT_NODE’ は switch 内で取り扱われません [-Wswitch]
xml_node.c:199:7: 警告: 列挙値 ‘XML_ELEMENT_NODE’ は switch 内で取り扱われません [-Wswitch]
       switch (reparentee->type) {
       ^
xml_node.c:199:7: 警告: 列挙値 ‘XML_ATTRIBUTE_NODE’ は switch 内で取り扱われません [-Wswitch]
xml_node.c:199:7: 警告: 列挙値 ‘XML_CDATA_SECTION_NODE’ は switch 内で取り扱われません [-Wswitch]
xml_node.c:199:7: 警告: 列挙値 ‘XML_ENTITY_NODE’ は switch 内で取り扱われません [-Wswitch]
xml_node.c:199:7: 警告: 列挙値 ‘XML_PI_NODE’ は switch 内で取り扱われません [-Wswitch]
xml_node.c:199:7: 警告: 列挙値 ‘XML_COMMENT_NODE’ は switch 内で取り扱われません [-Wswitch]
xml_node.c:199:7: 警告: 列挙値 ‘XML_DOCUMENT_NODE’ は switch 内で取り扱われません [-Wswitch]
xml_node.c:199:7: 警告: 列挙値 ‘XML_DOCUMENT_TYPE_NODE’ は switch 内で取り扱われません [-Wswitch]
xml_node.c:199:7: 警告: 列挙値 ‘XML_DOCUMENT_FRAG_NODE’ は switch 内で取り扱われません [-Wswitch]
xml_node.c:199:7: 警告: 列挙値 ‘XML_NOTATION_NODE’ は switch 内で取り扱われません [-Wswitch]
xml_node.c:199:7: 警告: 列挙値 ‘XML_HTML_DOCUMENT_NODE’ は switch 内で取り扱われません [-Wswitch]
xml_node.c:199:7: 警告: 列挙値 ‘XML_DTD_NODE’ は switch 内で取り扱われません [-Wswitch]
xml_node.c:199:7: 警告: 列挙値 ‘XML_ELEMENT_DECL’ は switch 内で取り扱われません [-Wswitch]
xml_node.c:199:7: 警告: 列挙値 ‘XML_ATTRIBUTE_DECL’ は switch 内で取り扱われません [-Wswitch]
xml_node.c:199:7: 警告: 列挙値 ‘XML_ENTITY_DECL’ は switch 内で取り扱われません [-Wswitch]
xml_node.c:199:7: 警告: 列挙値 ‘XML_NAMESPACE_DECL’ は switch 内で取り扱われません [-Wswitch]
xml_node.c:199:7: 警告: 列挙値 ‘XML_XINCLUDE_START’ は switch 内で取り扱われません [-Wswitch]
xml_node.c:199:7: 警告: 列挙値 ‘XML_XINCLUDE_END’ は switch 内で取り扱われません [-Wswitch]
xml_node.c:199:7: 警告: 列挙値 ‘XML_DOCB_DOCUMENT_NODE’ は switch 内で取り扱われません [-Wswitch]
xml_node.c:167:5: 警告: 列挙値 ‘XML_CDATA_SECTION_NODE’ は switch 内で取り扱われません [-Wswitch]
     switch (parent->type) {
     ^
xml_node.c:167:5: 警告: 列挙値 ‘XML_ENTITY_NODE’ は switch 内で取り扱われません [-Wswitch]
xml_node.c:167:5: 警告: 列挙値 ‘XML_PI_NODE’ は switch 内で取り扱われません [-Wswitch]
xml_node.c:167:5: 警告: 列挙値 ‘XML_COMMENT_NODE’ は switch 内で取り扱われません [-Wswitch]
xml_node.c:167:5: 警告: 列挙値 ‘XML_DOCUMENT_TYPE_NODE’ は switch 内で取り扱われません [-Wswitch]
xml_node.c:167:5: 警告: 列挙値 ‘XML_NOTATION_NODE’ は switch 内で取り扱われません [-Wswitch]
xml_node.c:167:5: 警告: 列挙値 ‘XML_DTD_NODE’ は switch 内で取り扱われません [-Wswitch]
xml_node.c:167:5: 警告: 列挙値 ‘XML_ELEMENT_DECL’ は switch 内で取り扱われません [-Wswitch]
xml_node.c:167:5: 警告: 列挙値 ‘XML_ATTRIBUTE_DECL’ は switch 内で取り扱われません [-Wswitch]
xml_node.c:167:5: 警告: 列挙値 ‘XML_ENTITY_DECL’ は switch 内で取り扱われません [-Wswitch]
xml_node.c:167:5: 警告: 列挙値 ‘XML_NAMESPACE_DECL’ は switch 内で取り扱われません [-Wswitch]
xml_node.c:167:5: 警告: 列挙値 ‘XML_XINCLUDE_START’ は switch 内で取り扱われません [-Wswitch]
xml_node.c:167:5: 警告: 列挙値 ‘XML_XINCLUDE_END’ は switch 内で取り扱われません [-Wswitch]
xml_node.c:167:5: 警告: 列挙値 ‘XML_DOCB_DOCUMENT_NODE’ は switch 内で取り扱われません [-Wswitch]
xml_node.c: 関数 ‘get’ 内:
xml_node.c:847:11: 警告: cast discards ‘__attribute__((const))’ qualifier from pointer target type [-Wcast-qual]
   colon = (xmlChar *)xmlStrchr(attribute, (const xmlChar)':');
           ^
xml_node.c:865:11: 警告: cast discards ‘__attribute__((const))’ qualifier from pointer target type [-Wcast-qual]
   xmlFree((void *)attribute);
           ^
xml_node.c:869:11: 警告: cast discards ‘__attribute__((const))’ qualifier from pointer target type [-Wcast-qual]
   xmlFree((void *)value);
           ^
xml_node.c: トップレベル:
cc1: 警告: 認識できないコマンドラインオプション "-Wno-self-assign" です [デフォルトで有効]
cc1: 警告: 認識できないコマンドラインオプション "-Wno-constant-logical-operand" です [デフォルトで有効]
cc1: 警告: 認識できないコマンドラインオプション "-Wno-parentheses-equality" です [デフォルトで有効]
cc1: 警告: 認識できないコマンドラインオプション "-Wno-tautological-compare" です [デフォルトで有効]
compiling xml_node_set.c
compiling xml_processing_instruction.c
compiling xml_reader.c
compiling xml_relax_ng.c
compiling xml_sax_parser.c
xml_sax_parser.c: 関数 ‘start_document’ 内:
xml_sax_parser.c:28:7: 警告: ISO C90 は宣言とコードの混合を禁止しています [-Wdeclaration-after-statement]
       VALUE version = ctxt->version ? NOKOGIRI_STR_NEW2(ctxt->version) : Qnil;
       ^
xml_sax_parser.c: トップレベル:
cc1: 警告: 認識できないコマンドラインオプション "-Wno-self-assign" です [デフォルトで有効]
cc1: 警告: 認識できないコマンドラインオプション "-Wno-constant-logical-operand" です [デフォルトで有効]
cc1: 警告: 認識できないコマンドラインオプション "-Wno-parentheses-equality" です [デフォルトで有効]
cc1: 警告: 認識できないコマンドラインオプション "-Wno-tautological-compare" です [デフォルトで有効]
compiling xml_sax_parser_context.c
compiling xml_sax_push_parser.c
compiling xml_schema.c
compiling xml_syntax_error.c
compiling xml_text.c
compiling xml_xpath_context.c
compiling xslt_stylesheet.c
xslt_stylesheet.c: 関数 ‘initFunc’ 内:
xslt_stylesheet.c:217:5: 警告: passing argument 1 番目の ‘rb_data_object_get’ の引数を渡すときにポインタからキャスト無しに整数を作成しています [デフォルトで有効]
     Data_Get_Struct(ctxt->style->_private, nokogiriXsltStylesheetTuple,
     ^
In file included from /home/yamato/.rbenv/versions/2.4.1/include/ruby-2.4.0/ruby.h:33:0,
                 from ./nokogiri.h:33,
                 from ./xslt_stylesheet.h:4,
                 from xslt_stylesheet.c:1:
/home/yamato/.rbenv/versions/2.4.1/include/ruby-2.4.0/ruby/ruby.h:1352:1: 備考: expected ‘VALUE’ but argument is of type ‘void *’
 rb_data_object_get(VALUE obj)
 ^
xslt_stylesheet.c: 関数 ‘shutdownFunc’ 内:
xslt_stylesheet.c:230:5: 警告: passing argument 1 番目の ‘rb_data_object_get’ の引数を渡すときにポインタからキャスト無しに整数を作成しています [デフォルトで有効]
     Data_Get_Struct(ctxt->style->_private, nokogiriXsltStylesheetTuple,
     ^
In file included from /home/yamato/.rbenv/versions/2.4.1/include/ruby-2.4.0/ruby.h:33:0,
                 from ./nokogiri.h:33,
                 from ./xslt_stylesheet.h:4,
                 from xslt_stylesheet.c:1:
/home/yamato/.rbenv/versions/2.4.1/include/ruby-2.4.0/ruby/ruby.h:1352:1: 備考: expected ‘VALUE’ but argument is of type ‘void *’
 rb_data_object_get(VALUE obj)
 ^
xslt_stylesheet.c: トップレベル:
cc1: 警告: 認識できないコマンドラインオプション "-Wno-self-assign" です [デフォルトで有効]
cc1: 警告: 認識できないコマンドラインオプション "-Wno-constant-logical-operand" です [デフォルトで有効]
cc1: 警告: 認識できないコマンドラインオプション "-Wno-parentheses-equality" です [デフォルトで有効]
cc1: 警告: 認識できないコマンドラインオプション "-Wno-tautological-compare" です [デフォルトで有効]
linking shared-object nokogiri/nokogiri.so
Cleaning files only used during build.
rm -rf /home/yamato/projects/railsgirls/vender/bundle/ruby/2.4.0/gems/nokogiri-1.8.0/ext/nokogiri/tmp/x86_64-pc-linux-gnu/ports
rm -rf /home/yamato/projects/railsgirls/vender/bundle/ruby/2.4.0/gems/nokogiri-1.8.0/ports

current directory: /home/yamato/projects/railsgirls/vender/bundle/ruby/2.4.0/gems/nokogiri-1.8.0/ext/nokogiri
make "DESTDIR=" install
/usr/bin/install -c -m 0755 nokogiri.so ./.gem.20170831-20421-10vhhhy/nokogiri
